<?xml version="1.0" encoding="UTF-8"?>
<testsuite xmlns:xsi="http://www.w3.org/2001/XMLSchema-instance" xsi:noNamespaceSchemaLocation="https://maven.apache.org/surefire/maven-surefire-plugin/xsd/surefire-test-report-3.0.xsd" version="3.0" name="com.tcc.desafiocloud.DesafioCloudApplicationTests" time="2.344" tests="1" errors="0" skipped="0" failures="0">
  <properties>
[...]
</properties>
  <testcase name="contextLoads" classname="com.tcc.desafiocloud.DesafioCloudApplicationTests" time="0.703">
    <system-out><![CDATA[19:45:01.320 [main] INFO org.springframework.test.context.support.AnnotationConfigContextLoaderUtils -- Could not detect default configuration classes for test class [com.tcc.desafiocloud.DesafioCloudApplicationTests]: DesafioCloudApplicationTests does not declare any static, non-private, non-final, nested classes annotated with @Configuration.
19:45:01.412 [main] INFO org.springframework.boot.test.context.SpringBootTestContextBootstrapper -- Found @SpringBootConfiguration com.tcc.desafiocloud.DesafioCloudApplication for test class com.tcc.desafiocloud.DesafioCloudApplicationTests

  .   ____          _            __ _ _
 /\\ / ___'_ __ _ _(_)_ __  __ _ \ \ \ \
( ( )\___ | '_ | '_| | '_ \/ _` | \ \ \ \
 \\/  ___)| |_)| | | | | || (_| |  ) ) ) )
  '  |____| .__|_| |_|_| |_\__, | / / / /
 =========|_|==============|___/=/_/_/_/

 :: Spring Boot ::                (v3.3.4)

2024-09-25T19:45:01.770-03:00  INFO 21012 --- [desafio-cloud] [           main] c.t.d.DesafioCloudApplicationTests       : Starting DesafioCloudApplicationTests using Java 17.0.11 with PID 21012 (started by ph192 in D:\Java\t-academy\desafio-cloud)
2024-09-25T19:45:01.771-03:00  INFO 21012 --- [desafio-cloud] [           main] c.t.d.DesafioCloudApplicationTests       : No active profile set, falling back to 1 default profile: "default"
2024-09-25T19:45:02.803-03:00  INFO 21012 --- [desafio-cloud] [           main] c.t.d.DesafioCloudApplicationTests       : Started DesafioCloudApplicationTests in 1.261 seconds (process running for 2.216)
]]></system-out>
  </testcase>
</testsuite>